2026-03-15 11:53:00 INFO     [__main__] Running startup checks...
2026-03-15 11:53:00 INFO     [src.polymarket.geoblock] Geoblock check passed: country=CA, access allowed
2026-03-15 11:53:00 INFO     [__main__] Startup checks passed
2026-03-15 11:53:00 INFO     [apscheduler.scheduler] Adding job tentatively -- it will be properly scheduled when the scheduler starts
2026-03-15 11:53:00 INFO     [apscheduler.scheduler] Adding job tentatively -- it will be properly scheduled when the scheduler starts
2026-03-15 11:53:00 INFO     [apscheduler.scheduler] Adding job tentatively -- it will be properly scheduled when the scheduler starts
2026-03-15 11:53:00 INFO     [apscheduler.scheduler] Adding job tentatively -- it will be properly scheduled when the scheduler starts
2026-03-15 11:53:00 INFO     [apscheduler.scheduler] Adding job tentatively -- it will be properly scheduled when the scheduler starts
2026-03-15 11:53:00 INFO     [apscheduler.scheduler] Adding job tentatively -- it will be properly scheduled when the scheduler starts
2026-03-15 11:53:00 INFO     [apscheduler.scheduler] Adding job tentatively -- it will be properly scheduled when the scheduler starts
2026-03-15 11:53:00 INFO     [apscheduler.scheduler] Added job "ingest_markets" to job store "default"
2026-03-15 11:53:00 INFO     [apscheduler.scheduler] Added job "score_all_wallets" to job store "default"
2026-03-15 11:53:00 INFO     [apscheduler.scheduler] Added job "expire_stale_signals" to job store "default"
2026-03-15 11:53:00 INFO     [apscheduler.scheduler] Added job "check_resolutions" to job store "default"
2026-03-15 11:53:00 INFO     [apscheduler.scheduler] Added job "take_daily_snapshot" to job store "default"
2026-03-15 11:53:00 INFO     [apscheduler.scheduler] Added job "discover_and_ingest" to job store "default"
2026-03-15 11:53:00 INFO     [apscheduler.scheduler] Added job "run_bot.<locals>.daily_summary" to job store "default"
2026-03-15 11:53:00 INFO     [apscheduler.scheduler] Scheduler started
2026-03-15 11:53:00 INFO     [__main__] Running initial market ingestion...
2026-03-15 11:53:01 INFO     [src.polymarket.gamma_api] Logged raw Gamma API response for markets to data\api_responses\gamma_markets_20260315_185301.json
2026-03-15 11:54:51 INFO     [src.polymarket.gamma_api] Fetched 35353 active markets from Gamma API
2026-03-15 11:54:51 INFO     [src.indexer.market_ingester] Fetched 35353 markets from Gamma API
2026-03-15 11:56:16 INFO     [src.indexer.market_ingester] Ingested 35353 markets
2026-03-15 11:56:16 INFO     [apscheduler.scheduler] Added job "recompute_followability_from_snapshots" to job store "default"
2026-03-15 11:56:16 INFO     [__main__] Whale bot is running. Press Ctrl+C to stop.
2026-03-15 11:56:16 INFO     [src.signals.trade_monitor] Trade monitor started (interval=30s)
2026-03-15 11:56:16 INFO     [src.polymarket.websocket] WebSocket connected to wss://ws-subscriptions-clob.polymarket.com/ws/market
2026-03-15 11:56:16 INFO     [src.polymarket.data_api] Logged raw API response for trades to data\api_responses\trades_20260315_185616.json
2026-03-15 11:56:17 INFO     [src.indexer.wallet_ingester] Fetched 117 trades for wallet 0x6211f97a
2026-03-15 11:56:17 INFO     [src.polymarket.data_api] Logged raw API response for activity to data\api_responses\activity_20260315_185617.json
